<?xml version="1.0" encoding="UTF-8"?>
<!-- Generated by org.testng.reporters.JUnitXMLReporter -->
<testsuite ignored="0" hostname="NouranAbdeen" failures="0" tests="3" name="Default test" time="64.25" errors="0" timestamp="2022-04-15T20:54:11 EET">
  <testcase classname="com.vois.YoutubeTesting" name="TestCase1" time="38.693"/>
  <testcase classname="com.vois.YoutubeTesting" name="TestCase2" time="0.003"/>
  <testcase classname="com.vois.YoutubeTesting" name="TestCase3" time="0.004"/>
</testsuite> <!-- Default test -->
