<?xml version="1.0" encoding="UTF-8"?>
<!-- Generated by org.testng.reporters.JUnitXMLReporter -->
<testsuite ignored="0" hostname="NouranAbdeen" failures="0" tests="3" name="Test" time="125.156" errors="0" timestamp="2022-04-17T15:35:28 EET">
  <testcase classname="com.vois.YoutubeTesting" name="VideoTitleValidation" time="43.036"/>
  <testcase classname="com.vois.YoutubeTesting" name="VideoTitleValidation" time="84.135"/>
  <testcase classname="com.vois.YoutubeTesting" name="VideoTitleValidation" time="124.1"/>
</testsuite> <!-- Test -->
