<?xml version="1.0" encoding="UTF-8"?>
<testng-results ignored="0" total="3" passed="3" failed="0" skipped="0">
  <reporter-output>
  </reporter-output>
  <suite started-at="2022-04-17T15:33:23 EET" name="Suite" finished-at="2022-04-17T15:35:28 EET" duration-ms="125156">
    <groups>
    </groups>
    <test started-at="2022-04-17T15:33:23 EET" name="Test" finished-at="2022-04-17T15:35:28 EET" duration-ms="125156">
      <class name="com.vois.YoutubeTesting">
        <test-method is-config="true" signature="beforeClass()[pri:0, instance:com.vois.YoutubeTesting@2892d68]" started-at="2022-04-17T15:33:23 EET" name="beforeClass" finished-at="2022-04-17T15:33:23 EET" duration-ms="255" status="PASS">
          <reporter-output>
          </reporter-output>
        </test-method> <!-- beforeClass -->
        <test-method signature="VideoTitleValidation(java.lang.String,int)[pri:0, instance:com.vois.YoutubeTesting@2892d68]" started-at="2022-04-17T15:33:23 EET" name="VideoTitleValidation" data-provider="TestData" finished-at="2022-04-17T15:34:06 EET" duration-ms="43036" status="PASS">
          <params>
            <param index="0">
              <value>
                <![CDATA[Test Automation Tutorial]]>
              </value>
            </param>
            <param index="1">
              <value>
                <![CDATA[2]]>
              </value>
            </param>
          </params>
          <reporter-output>
          </reporter-output>
        </test-method> <!-- VideoTitleValidation -->
        <test-method signature="VideoTitleValidation(java.lang.String,int)[pri:0, instance:com.vois.YoutubeTesting@2892d68]" started-at="2022-04-17T15:33:23 EET" name="VideoTitleValidation" data-provider="TestData" finished-at="2022-04-17T15:35:27 EET" duration-ms="124100" status="PASS">
          <params>
            <param index="0">
              <value>
                <![CDATA[Selenium Tutorial]]>
              </value>
            </param>
            <param index="1">
              <value>
                <![CDATA[2]]>
              </value>
            </param>
          </params>
          <reporter-output>
          </reporter-output>
        </test-method> <!-- VideoTitleValidation -->
        <test-method signature="VideoTitleValidation(java.lang.String,int)[pri:0, instance:com.vois.YoutubeTesting@2892d68]" started-at="2022-04-17T15:33:23 EET" name="VideoTitleValidation" data-provider="TestData" finished-at="2022-04-17T15:34:47 EET" duration-ms="84135" status="PASS">
          <params>
            <param index="0">
              <value>
                <![CDATA[Selenium Tutorial]]>
              </value>
            </param>
            <param index="1">
              <value>
                <![CDATA[9]]>
              </value>
            </param>
          </params>
          <reporter-output>
          </reporter-output>
        </test-method> <!-- VideoTitleValidation -->
        <test-method is-config="true" signature="afterClass()[pri:0, instance:com.vois.YoutubeTesting@2892d68]" started-at="2022-04-17T15:35:27 EET" name="afterClass" finished-at="2022-04-17T15:35:28 EET" duration-ms="738" status="PASS">
          <reporter-output>
          </reporter-output>
        </test-method> <!-- afterClass -->
      </class> <!-- com.vois.YoutubeTesting -->
    </test> <!-- Test -->
  </suite> <!-- Suite -->
</testng-results>
